<?xml version="1.0" encoding="UTF-8"?>
<testng-results ignored="0" total="1" passed="1" failed="0" skipped="0">
  <reporter-output>
  </reporter-output>
  <suite started-at="2021-11-22T20:01:16 IST" name="Default suite" finished-at="2021-11-22T20:01:29 IST" duration-ms="12969">
    <groups>
    </groups>
    <test started-at="2021-11-22T20:01:16 IST" name="Default test" finished-at="2021-11-22T20:01:29 IST" duration-ms="12969">
      <class name="com.TestCases.TC001">
        <test-method is-config="true" signature="BaseClassSetUp()[pri:0, instance:com.TestCases.TC001@6379eb]" started-at="2021-11-22T20:01:16 IST" name="BaseClassSetUp" finished-at="2021-11-22T20:01:23 IST" duration-ms="6688" status="PASS">
          <reporter-output>
          </reporter-output>
        </test-method> <!-- BaseClassSetUp -->
        <test-method signature="loginTest()[pri:1, instance:com.TestCases.TC001@6379eb]" started-at="2021-11-22T20:01:23 IST" name="loginTest" finished-at="2021-11-22T20:01:28 IST" duration-ms="5322" status="PASS">
          <reporter-output>
          </reporter-output>
        </test-method> <!-- loginTest -->
        <test-method is-config="true" signature="TearDown()[pri:0, instance:com.TestCases.TC001@6379eb]" started-at="2021-11-22T20:01:28 IST" name="TearDown" finished-at="2021-11-22T20:01:29 IST" duration-ms="910" status="PASS">
          <reporter-output>
          </reporter-output>
        </test-method> <!-- TearDown -->
      </class> <!-- com.TestCases.TC001 -->
    </test> <!-- Default test -->
  </suite> <!-- Default suite -->
</testng-results>
