<?xml version="1.0" encoding="UTF-8"?>
<testng-results ignored="0" total="1" passed="1" failed="0" skipped="0">
  <reporter-output>
  </reporter-output>
  <suite started-at="2021-11-23T16:24:27 IST" name="Default suite" finished-at="2021-11-23T16:24:43 IST" duration-ms="16312">
    <groups>
    </groups>
    <test started-at="2021-11-23T16:24:27 IST" name="Default test" finished-at="2021-11-23T16:24:43 IST" duration-ms="16312">
      <class name="com.TestCases.TC001">
        <test-method is-config="true" signature="BaseClassSetUp()[pri:0, instance:com.TestCases.TC001@6379eb]" started-at="2021-11-23T16:24:27 IST" name="BaseClassSetUp" finished-at="2021-11-23T16:24:33 IST" duration-ms="6247" status="PASS">
          <reporter-output>
          </reporter-output>
        </test-method> <!-- BaseClassSetUp -->
        <test-method signature="loginTest()[pri:1, instance:com.TestCases.TC001@6379eb]" started-at="2021-11-23T16:24:33 IST" name="loginTest" finished-at="2021-11-23T16:24:42 IST" duration-ms="9467" status="PASS">
          <reporter-output>
          </reporter-output>
        </test-method> <!-- loginTest -->
        <test-method is-config="true" signature="TearDown()[pri:0, instance:com.TestCases.TC001@6379eb]" started-at="2021-11-23T16:24:42 IST" name="TearDown" finished-at="2021-11-23T16:24:43 IST" duration-ms="557" status="PASS">
          <reporter-output>
          </reporter-output>
        </test-method> <!-- TearDown -->
      </class> <!-- com.TestCases.TC001 -->
    </test> <!-- Default test -->
  </suite> <!-- Default suite -->
</testng-results>
